e:\vs\vs_code\c_project\debug\vc142.pdb
e:\vs\vs_code\c_project\debug\vc142.idb
e:\vs\vs_code\c_project\debug\string.obj
e:\vs\vs_code\c_project\debug\adminmenu.obj
e:\vs\vs_code\c_project\debug\mainmenu.obj
e:\vs\vs_code\c_project\debug\main.obj
e:\vs\vs_code\c_project\debug\init.obj
e:\vs\vs_code\c_project\debug\clientmenu.obj
e:\vs\vs_code\c_project\debug\clientfun.obj
e:\vs\vs_code\c_project\debug\adminfun.obj
e:\vs\vs_code\c_project\debug\interfacecomponents.obj
e:\vs\vs_code\c_project\debug\c_project.exe
e:\vs\vs_code\c_project\debug\c_project.ilk
e:\vs\vs_code\c_project\debug\c_project.pdb
e:\vs\vs_code\c_project\debug\adminfun.nativecodeanalysis.xml
e:\vs\vs_code\c_project\debug\adminmenu.nativecodeanalysis.xml
e:\vs\vs_code\c_project\debug\clientfun.nativecodeanalysis.xml
e:\vs\vs_code\c_project\debug\clientmenu.nativecodeanalysis.xml
e:\vs\vs_code\c_project\debug\init.nativecodeanalysis.xml
e:\vs\vs_code\c_project\debug\interfacecomponents.nativecodeanalysis.xml
e:\vs\vs_code\c_project\debug\main.nativecodeanalysis.xml
e:\vs\vs_code\c_project\debug\mainmenu.nativecodeanalysis.xml
e:\vs\vs_code\c_project\debug\string.nativecodeanalysis.xml
e:\vs\vs_code\c_project\debug\vc.nativecodeanalysis.all.xml
e:\vs\vs_code\c_project\debug\c_project.tlog\cl.command.1.tlog
e:\vs\vs_code\c_project\debug\c_project.tlog\cl.read.1.tlog
e:\vs\vs_code\c_project\debug\c_project.tlog\cl.write.1.tlog
e:\vs\vs_code\c_project\debug\c_project.tlog\link.command.1.tlog
e:\vs\vs_code\c_project\debug\c_project.tlog\link.read.1.tlog
e:\vs\vs_code\c_project\debug\c_project.tlog\link.write.1.tlog
